Case #1: 1 1
Case #2: IMPOSSIBLE
Case #3: 1 1 1
Case #4: 2 1 1 1
Case #5: -1 1 1
Case #6: 2 2 1 1 1 1
Case #7: 1 2 1 -1
Case #8: -1 1 -2 1 1
Case #9: 2 -1 1 -1 1 1
Case #10: 1 2 1 2 1 1
Case #11: 3 -1 1 1 1 2
Case #12: -1 2 2 1 -1
Case #13: -1 1 -2 1 -1
Case #14: 3 -1 1 1 2
Case #15: 1 1
Case #16: -2 -2 1 -1
Case #17: 2 -1 1 1 1
Case #18: 1 -1 -1 1
Case #19: -2 1 1 1 -1 1
Case #20: 2 -2 1 1 1 -1
Case #21: 2 1 -1 1
Case #22: -1 1 1
Case #23: -1 2 1 1
Case #24: 2 -1 -2 1 1 1 -1 1 -1
Case #25: -1 2 -3 1 -1 1
Case #26: 1 2 -1 1 -1
Case #27: -1 -1 1 1
Case #28: 1 1 -1 1 -1 1
Case #29: -2 -2 2 1 -1
Case #30: 2 2 1 1 1
Case #31: -1 -1 1
Case #32: 2 3 -1 1 1 2
Case #33: 2 -1 1 2 1 1
Case #34: 1 1
Case #35: -1 -1 1
Case #36: -2 1 1 -2 1 -1
Case #37: 1 1
Case #38: 1 -2 -1 -1 -1
Case #39: 2 2 -1 1 -1 1
Case #40: -1 -2 1 -1
Case #41: 1 1 1
Case #42: IMPOSSIBLE
Case #43: 1 2 1 -2 1 -1
Case #44: 1 -2 1 2 -1 1
Case #45: 2 2 -2 1 -1 1
Case #46: 1 1
Case #47: 2 -1 -3 1 1 -1
Case #48: 1 2 1 -2 -1 -1
Case #49: -2 1 -2 1 -1
Case #50: 1 1
Case #51: 1 2 1 -1
Case #52: IMPOSSIBLE
Case #53: 2 -3 1 -2 1 1
Case #54: -1 1 -1 -3 1 2
Case #55: -2 2 1 1 1 1
Case #56: 1 2 1 1 1
Case #57: 1 1 1 1 1 1
Case #58: IMPOSSIBLE
Case #59: -1 2 -1 1 -1 1
Case #60: IMPOSSIBLE
Case #61: -1 1 1
Case #62: -1 1 1
Case #63: 2 -1 1 1 1 -1
Case #64: 1 1 1 1 1 1 1 1 1 1 1 1
Case #65: -2 1 -2 1 -1 -1
Case #66: -2 1 -2 1 -1
Case #67: 1 1 1
Case #68: 2 1 2 -1 1 1
Case #69: IMPOSSIBLE
Case #70: 2 1 -1 1 1 -1
Case #71: 1 2 1 1 1 1
Case #72: -2 -1 -3 1 1 2
Case #73: IMPOSSIBLE
Case #74: 1 1
Case #75: 1 1 1 1 1 1
Case #76: -1 1 -1 1
Case #77: 1 -1 1
Case #78: -2 1 3 1 1 1
Case #79: IMPOSSIBLE
Case #80: 1 -1 1 -1 1
Case #81: 2 2 1 2 1 1
Case #82: 1 1 2 -2 -1 -1
Case #83: -1 -1 1
Case #84: IMPOSSIBLE
Case #85: -1 2 2 1 -1
Case #86: 1 1 1 1
Case #87: 1 2 1 1 1
Case #88: 1 -1 1
Case #89: IMPOSSIBLE
Case #90: 1 1 2 1 -1 -1
Case #91: 1 -2 -1 1 -1
Case #92: 1 -1 1
Case #93: IMPOSSIBLE
Case #94: 2 1 1 1 1 1
Case #95: 1 1 1 1 1 1
Case #96: 3 1 2 2 1 1
Case #97: 2 1 -1 1 1 -1
Case #98: 2 1 1 1
Case #99: IMPOSSIBLE
Case #100: 1 -1 -2 1 -1